mode: set
github.com/schmorrison/Zoho/http.go:37.77,39.2 1 1
github.com/schmorrison/Zoho/http.go:43.77,45.16 2 0
github.com/schmorrison/Zoho/http.go:48.2,48.69 1 0
github.com/schmorrison/Zoho/http.go:45.16,47.3 1 0
github.com/schmorrison/Zoho/http.go:53.83,56.16 3 0
github.com/schmorrison/Zoho/http.go:61.2,64.16 4 0
github.com/schmorrison/Zoho/http.go:68.2,68.46 1 0
github.com/schmorrison/Zoho/http.go:73.2,74.16 2 0
github.com/schmorrison/Zoho/http.go:78.2,78.48 1 0
github.com/schmorrison/Zoho/http.go:56.16,58.3 1 0
github.com/schmorrison/Zoho/http.go:64.16,66.3 1 0
github.com/schmorrison/Zoho/http.go:68.46,70.3 1 0
github.com/schmorrison/Zoho/http.go:74.16,76.3 1 0
github.com/schmorrison/Zoho/http.go:85.47,87.2 1 0
github.com/schmorrison/Zoho/http.go:88.77,90.27 2 0
github.com/schmorrison/Zoho/http.go:117.2,120.16 3 0
github.com/schmorrison/Zoho/http.go:124.2,124.70 1 0
github.com/schmorrison/Zoho/http.go:128.2,129.16 2 0
github.com/schmorrison/Zoho/http.go:133.2,133.48 1 0
github.com/schmorrison/Zoho/http.go:91.14,96.17 4 0
github.com/schmorrison/Zoho/http.go:99.3,100.17 2 0
github.com/schmorrison/Zoho/http.go:104.3,104.21 1 0
github.com/schmorrison/Zoho/http.go:105.14,106.23 1 0
github.com/schmorrison/Zoho/http.go:109.3,110.17 2 0
github.com/schmorrison/Zoho/http.go:113.10,114.129 1 0
github.com/schmorrison/Zoho/http.go:96.17,98.4 1 0
github.com/schmorrison/Zoho/http.go:100.17,102.4 1 0
github.com/schmorrison/Zoho/http.go:106.23,108.4 1 0
github.com/schmorrison/Zoho/http.go:110.17,112.4 1 0
github.com/schmorrison/Zoho/http.go:120.16,122.3 1 0
github.com/schmorrison/Zoho/http.go:124.70,126.3 1 0
github.com/schmorrison/Zoho/http.go:129.16,131.3 1 0
github.com/schmorrison/Zoho/http.go:136.96,137.11 1 0
github.com/schmorrison/Zoho/http.go:148.2,148.82 1 0
github.com/schmorrison/Zoho/http.go:138.12,140.24 2 0
github.com/schmorrison/Zoho/http.go:141.19,143.24 2 0
github.com/schmorrison/Zoho/http.go:144.12,146.24 2 0
github.com/schmorrison/Zoho/http.go:162.60,163.65 1 0
github.com/schmorrison/Zoho/http.go:168.2,169.28 2 0
github.com/schmorrison/Zoho/http.go:177.2,179.43 3 0
github.com/schmorrison/Zoho/http.go:185.2,192.33 2 0
github.com/schmorrison/Zoho/http.go:203.2,203.31 1 0
github.com/schmorrison/Zoho/http.go:257.2,258.16 2 0
github.com/schmorrison/Zoho/http.go:262.2,268.37 3 0
github.com/schmorrison/Zoho/http.go:272.2,273.16 2 0
github.com/schmorrison/Zoho/http.go:277.2,280.16 3 0
github.com/schmorrison/Zoho/http.go:284.2,288.16 4 0
github.com/schmorrison/Zoho/http.go:292.2,294.12 2 0
github.com/schmorrison/Zoho/http.go:163.65,165.3 1 0
github.com/schmorrison/Zoho/http.go:169.28,171.17 2 0
github.com/schmorrison/Zoho/http.go:171.17,173.4 1 0
github.com/schmorrison/Zoho/http.go:179.43,180.14 1 0
github.com/schmorrison/Zoho/http.go:180.14,182.4 1 0
github.com/schmorrison/Zoho/http.go:192.33,195.17 2 0
github.com/schmorrison/Zoho/http.go:199.3,200.67 2 0
github.com/schmorrison/Zoho/http.go:195.17,197.4 1 0
github.com/schmorrison/Zoho/http.go:203.31,209.41 3 0
github.com/schmorrison/Zoho/http.go:230.3,230.34 1 0
github.com/schmorrison/Zoho/http.go:209.41,212.18 2 0
github.com/schmorrison/Zoho/http.go:216.4,216.49 1 0
github.com/schmorrison/Zoho/http.go:221.4,222.18 2 0
github.com/schmorrison/Zoho/http.go:226.4,227.41 2 0
github.com/schmorrison/Zoho/http.go:212.18,214.5 1 0
github.com/schmorrison/Zoho/http.go:216.49,218.5 1 0
github.com/schmorrison/Zoho/http.go:222.18,224.5 1 0
github.com/schmorrison/Zoho/http.go:230.34,233.18 2 0
github.com/schmorrison/Zoho/http.go:236.4,239.18 3 0
github.com/schmorrison/Zoho/http.go:243.4,243.54 1 0
github.com/schmorrison/Zoho/http.go:247.4,248.18 2 0
github.com/schmorrison/Zoho/http.go:252.4,253.41 2 0
github.com/schmorrison/Zoho/http.go:233.18,235.5 1 0
github.com/schmorrison/Zoho/http.go:239.18,241.5 1 0
github.com/schmorrison/Zoho/http.go:243.54,245.5 1 0
github.com/schmorrison/Zoho/http.go:248.18,250.5 1 0
github.com/schmorrison/Zoho/http.go:258.16,260.3 1 0
github.com/schmorrison/Zoho/http.go:268.37,270.3 1 0
github.com/schmorrison/Zoho/http.go:273.16,275.3 1 0
github.com/schmorrison/Zoho/http.go:280.16,282.3 1 0
github.com/schmorrison/Zoho/http.go:288.16,290.3 1 0
github.com/schmorrison/Zoho/http.go:318.45,319.64 1 0
github.com/schmorrison/Zoho/http.go:322.2,322.11 1 0
github.com/schmorrison/Zoho/http.go:319.64,321.3 1 0
github.com/schmorrison/Zoho/http.go:334.62,337.17 2 0
github.com/schmorrison/Zoho/http.go:340.2,340.11 1 0
github.com/schmorrison/Zoho/http.go:337.17,339.3 1 0
github.com/schmorrison/Zoho/oauth2.go:16.50,25.16 8 1
github.com/schmorrison/Zoho/oauth2.go:29.2,29.15 1 1
github.com/schmorrison/Zoho/oauth2.go:35.2,36.16 2 1
github.com/schmorrison/Zoho/oauth2.go:40.2,40.28 1 1
github.com/schmorrison/Zoho/oauth2.go:44.2,46.16 3 1
github.com/schmorrison/Zoho/oauth2.go:50.2,50.43 1 1
github.com/schmorrison/Zoho/oauth2.go:54.2,60.16 6 1
github.com/schmorrison/Zoho/oauth2.go:64.2,64.12 1 1
github.com/schmorrison/Zoho/oauth2.go:25.16,27.3 1 0
github.com/schmorrison/Zoho/oauth2.go:29.15,30.43 1 1
github.com/schmorrison/Zoho/oauth2.go:30.43,32.4 1 0
github.com/schmorrison/Zoho/oauth2.go:36.16,38.3 1 0
github.com/schmorrison/Zoho/oauth2.go:40.28,42.3 1 0
github.com/schmorrison/Zoho/oauth2.go:46.16,48.3 1 0
github.com/schmorrison/Zoho/oauth2.go:50.43,52.3 1 0
github.com/schmorrison/Zoho/oauth2.go:60.16,62.3 1 0
github.com/schmorrison/Zoho/oauth2.go:71.99,78.28 5 1
github.com/schmorrison/Zoho/oauth2.go:82.2,91.16 9 1
github.com/schmorrison/Zoho/oauth2.go:95.2,95.15 1 1
github.com/schmorrison/Zoho/oauth2.go:101.2,102.16 2 1
github.com/schmorrison/Zoho/oauth2.go:106.2,106.28 1 1
github.com/schmorrison/Zoho/oauth2.go:110.2,112.16 3 1
github.com/schmorrison/Zoho/oauth2.go:117.2,117.43 1 1
github.com/schmorrison/Zoho/oauth2.go:121.2,127.16 6 1
github.com/schmorrison/Zoho/oauth2.go:131.2,131.12 1 1
github.com/schmorrison/Zoho/oauth2.go:78.28,80.3 1 0
github.com/schmorrison/Zoho/oauth2.go:91.16,93.3 1 0
github.com/schmorrison/Zoho/oauth2.go:95.15,96.43 1 1
github.com/schmorrison/Zoho/oauth2.go:96.43,98.4 1 0
github.com/schmorrison/Zoho/oauth2.go:102.16,104.3 1 0
github.com/schmorrison/Zoho/oauth2.go:106.28,108.3 1 0
github.com/schmorrison/Zoho/oauth2.go:112.16,114.3 1 0
github.com/schmorrison/Zoho/oauth2.go:117.43,119.3 1 0
github.com/schmorrison/Zoho/oauth2.go:127.16,129.3 1 0
github.com/schmorrison/Zoho/oauth2.go:140.126,143.16 2 1
github.com/schmorrison/Zoho/oauth2.go:151.2,152.27 2 1
github.com/schmorrison/Zoho/oauth2.go:159.2,173.19 12 1
github.com/schmorrison/Zoho/oauth2.go:206.2,211.19 4 1
github.com/schmorrison/Zoho/oauth2.go:229.2,229.16 1 1
github.com/schmorrison/Zoho/oauth2.go:233.2,234.16 2 1
github.com/schmorrison/Zoho/oauth2.go:238.2,238.12 1 1
github.com/schmorrison/Zoho/oauth2.go:143.16,149.3 5 0
github.com/schmorrison/Zoho/oauth2.go:152.27,154.24 2 1
github.com/schmorrison/Zoho/oauth2.go:154.24,156.4 1 0
github.com/schmorrison/Zoho/oauth2.go:173.19,176.17 2 1
github.com/schmorrison/Zoho/oauth2.go:179.3,180.17 2 1
github.com/schmorrison/Zoho/oauth2.go:183.3,185.69 2 1
github.com/schmorrison/Zoho/oauth2.go:195.3,195.13 1 1
github.com/schmorrison/Zoho/oauth2.go:203.3,203.12 1 1
github.com/schmorrison/Zoho/oauth2.go:176.17,178.4 1 0
github.com/schmorrison/Zoho/oauth2.go:180.17,182.4 1 0
github.com/schmorrison/Zoho/oauth2.go:185.69,187.18 2 1
github.com/schmorrison/Zoho/oauth2.go:192.4,192.20 1 1
github.com/schmorrison/Zoho/oauth2.go:187.18,189.5 1 1
github.com/schmorrison/Zoho/oauth2.go:189.10,191.5 1 0
github.com/schmorrison/Zoho/oauth2.go:195.13,198.49 3 1
github.com/schmorrison/Zoho/oauth2.go:198.49,200.5 1 0
github.com/schmorrison/Zoho/oauth2.go:211.19,215.16 3 1
github.com/schmorrison/Zoho/oauth2.go:218.3,218.43 1 1
github.com/schmorrison/Zoho/oauth2.go:215.16,217.4 1 1
github.com/schmorrison/Zoho/oauth2.go:218.43,220.4 1 0
github.com/schmorrison/Zoho/oauth2.go:221.8,224.17 3 0
github.com/schmorrison/Zoho/oauth2.go:224.17,226.4 1 0
github.com/schmorrison/Zoho/oauth2.go:229.16,231.3 1 0
github.com/schmorrison/Zoho/oauth2.go:234.16,236.3 1 0
github.com/schmorrison/Zoho/oauth2.go:261.95,263.21 2 1
github.com/schmorrison/Zoho/oauth2.go:266.2,266.27 1 1
github.com/schmorrison/Zoho/oauth2.go:263.21,265.3 1 1
github.com/schmorrison/Zoho/storage.go:25.55,26.27 1 1
github.com/schmorrison/Zoho/storage.go:31.2,32.16 2 1
github.com/schmorrison/Zoho/storage.go:35.2,44.16 6 1
github.com/schmorrison/Zoho/storage.go:48.2,48.12 1 1
github.com/schmorrison/Zoho/storage.go:26.27,28.3 1 1
github.com/schmorrison/Zoho/storage.go:32.16,34.3 1 0
github.com/schmorrison/Zoho/storage.go:44.16,46.3 1 0
github.com/schmorrison/Zoho/storage.go:53.72,54.27 1 1
github.com/schmorrison/Zoho/storage.go:59.2,60.16 2 1
github.com/schmorrison/Zoho/storage.go:63.2,69.16 5 1
github.com/schmorrison/Zoho/storage.go:73.2,73.21 1 1
github.com/schmorrison/Zoho/storage.go:77.2,77.21 1 1
github.com/schmorrison/Zoho/storage.go:54.27,56.3 1 1
github.com/schmorrison/Zoho/storage.go:60.16,62.3 1 0
github.com/schmorrison/Zoho/storage.go:69.16,71.3 1 1
github.com/schmorrison/Zoho/storage.go:73.21,75.3 1 0
github.com/schmorrison/Zoho/storage.go:92.62,96.2 3 1
github.com/schmorrison/Zoho/storage.go:99.36,101.2 1 1
github.com/schmorrison/Zoho/storage.go:104.43,106.2 1 1
github.com/schmorrison/Zoho/storage.go:108.44,110.22 2 1
github.com/schmorrison/Zoho/storage.go:114.2,117.42 3 1
github.com/schmorrison/Zoho/storage.go:121.2,121.60 1 1
github.com/schmorrison/Zoho/storage.go:124.2,124.38 1 1
github.com/schmorrison/Zoho/storage.go:110.22,112.3 1 0
github.com/schmorrison/Zoho/storage.go:117.42,119.3 1 0
github.com/schmorrison/Zoho/storage.go:121.60,123.3 1 1
github.com/schmorrison/Zoho/storage.go:138.84,140.43 2 0
github.com/schmorrison/Zoho/storage.go:144.2,145.29 2 0
github.com/schmorrison/Zoho/storage.go:149.2,152.50 3 0
github.com/schmorrison/Zoho/storage.go:156.2,156.21 1 0
github.com/schmorrison/Zoho/storage.go:160.2,160.21 1 0
github.com/schmorrison/Zoho/storage.go:140.43,142.3 1 0
github.com/schmorrison/Zoho/storage.go:145.29,147.3 1 0
github.com/schmorrison/Zoho/storage.go:152.50,154.3 1 0
github.com/schmorrison/Zoho/storage.go:156.21,158.3 1 0
github.com/schmorrison/Zoho/storage.go:165.67,166.43 1 0
github.com/schmorrison/Zoho/storage.go:170.2,171.29 2 0
github.com/schmorrison/Zoho/storage.go:175.2,183.52 5 0
github.com/schmorrison/Zoho/storage.go:187.2,187.12 1 0
github.com/schmorrison/Zoho/storage.go:166.43,168.3 1 0
github.com/schmorrison/Zoho/storage.go:171.29,173.3 1 0
github.com/schmorrison/Zoho/storage.go:183.52,185.3 1 0
github.com/schmorrison/Zoho/time.go:15.46,16.29 1 1
github.com/schmorrison/Zoho/time.go:19.2,20.27 2 1
github.com/schmorrison/Zoho/time.go:16.29,18.3 1 1
github.com/schmorrison/Zoho/time.go:24.46,26.28 2 1
github.com/schmorrison/Zoho/time.go:31.2,32.16 2 1
github.com/schmorrison/Zoho/time.go:36.2,36.12 1 1
github.com/schmorrison/Zoho/time.go:26.28,30.3 3 1
github.com/schmorrison/Zoho/time.go:32.16,35.3 2 1
github.com/schmorrison/Zoho/time.go:45.46,46.29 1 1
github.com/schmorrison/Zoho/time.go:49.2,50.27 2 1
github.com/schmorrison/Zoho/time.go:46.29,48.3 1 1
github.com/schmorrison/Zoho/time.go:54.46,56.28 2 1
github.com/schmorrison/Zoho/time.go:61.2,62.16 2 1
github.com/schmorrison/Zoho/time.go:66.2,66.12 1 1
github.com/schmorrison/Zoho/time.go:56.28,60.3 3 1
github.com/schmorrison/Zoho/time.go:62.16,65.3 2 1
github.com/schmorrison/Zoho/zoho.go:12.18,31.2 2 1
github.com/schmorrison/Zoho/zoho.go:35.53,37.2 1 1
github.com/schmorrison/Zoho/zoho.go:41.40,43.2 1 1
github.com/schmorrison/Zoho/zoho.go:45.53,47.2 1 1
github.com/schmorrison/Zoho/zoho.go:49.45,51.2 1 1
github.com/schmorrison/Zoho/zoho.go:53.53,55.2 1 1
github.com/schmorrison/Zoho/zoho.go:59.37,62.2 2 1
github.com/schmorrison/Zoho/zoho.go:69.49,71.2 1 1
github.com/schmorrison/Zoho/zoho.go:75.48,77.2 1 1
github.com/schmorrison/Zoho/zoho.go:80.24,81.48 1 1
github.com/schmorrison/Zoho/zoho.go:85.2,92.30 8 1
github.com/schmorrison/Zoho/zoho.go:81.48,83.3 1 0
