mode: set
github.com/schmorrison/Zoho/time.go:15.46,16.29 1 0
github.com/schmorrison/Zoho/time.go:19.2,20.27 2 0
github.com/schmorrison/Zoho/time.go:16.29,18.3 1 0
github.com/schmorrison/Zoho/time.go:24.46,26.17 2 0
github.com/schmorrison/Zoho/time.go:30.2,31.16 2 0
github.com/schmorrison/Zoho/time.go:34.2,34.12 1 0
github.com/schmorrison/Zoho/time.go:26.17,29.3 2 0
github.com/schmorrison/Zoho/time.go:31.16,33.3 1 0
github.com/schmorrison/Zoho/time.go:43.46,44.29 1 0
github.com/schmorrison/Zoho/time.go:47.2,48.27 2 0
github.com/schmorrison/Zoho/time.go:44.29,46.3 1 0
github.com/schmorrison/Zoho/time.go:52.46,54.17 2 0
github.com/schmorrison/Zoho/time.go:58.2,59.16 2 0
github.com/schmorrison/Zoho/time.go:62.2,62.12 1 0
github.com/schmorrison/Zoho/time.go:54.17,57.3 2 0
github.com/schmorrison/Zoho/time.go:59.16,61.3 1 0
github.com/schmorrison/Zoho/zoho.go:11.18,30.2 2 1
github.com/schmorrison/Zoho/zoho.go:34.53,36.2 1 1
github.com/schmorrison/Zoho/zoho.go:40.40,42.2 1 1
github.com/schmorrison/Zoho/zoho.go:44.53,46.2 1 1
github.com/schmorrison/Zoho/zoho.go:48.45,50.2 1 1
github.com/schmorrison/Zoho/zoho.go:52.53,54.2 1 1
github.com/schmorrison/Zoho/zoho.go:58.37,61.2 2 1
github.com/schmorrison/Zoho/zoho.go:68.49,70.2 1 0
github.com/schmorrison/Zoho/zoho.go:74.48,76.2 1 1
github.com/schmorrison/Zoho/http.go:41.60,42.65 1 0
github.com/schmorrison/Zoho/http.go:47.2,48.28 2 0
github.com/schmorrison/Zoho/http.go:56.2,58.43 3 0
github.com/schmorrison/Zoho/http.go:64.2,71.33 2 0
github.com/schmorrison/Zoho/http.go:82.2,82.31 1 0
github.com/schmorrison/Zoho/http.go:136.2,137.16 2 0
github.com/schmorrison/Zoho/http.go:141.2,147.37 3 0
github.com/schmorrison/Zoho/http.go:151.2,152.16 2 0
github.com/schmorrison/Zoho/http.go:156.2,159.16 3 0
github.com/schmorrison/Zoho/http.go:163.2,167.16 4 0
github.com/schmorrison/Zoho/http.go:171.2,173.12 2 0
github.com/schmorrison/Zoho/http.go:42.65,44.3 1 0
github.com/schmorrison/Zoho/http.go:48.28,50.17 2 0
github.com/schmorrison/Zoho/http.go:50.17,52.4 1 0
github.com/schmorrison/Zoho/http.go:58.43,59.14 1 0
github.com/schmorrison/Zoho/http.go:59.14,61.4 1 0
github.com/schmorrison/Zoho/http.go:71.33,74.17 2 0
github.com/schmorrison/Zoho/http.go:78.3,79.67 2 0
github.com/schmorrison/Zoho/http.go:74.17,76.4 1 0
github.com/schmorrison/Zoho/http.go:82.31,88.41 3 0
github.com/schmorrison/Zoho/http.go:109.3,109.34 1 0
github.com/schmorrison/Zoho/http.go:88.41,91.18 2 0
github.com/schmorrison/Zoho/http.go:95.4,95.49 1 0
github.com/schmorrison/Zoho/http.go:100.4,101.18 2 0
github.com/schmorrison/Zoho/http.go:105.4,106.41 2 0
github.com/schmorrison/Zoho/http.go:91.18,93.5 1 0
github.com/schmorrison/Zoho/http.go:95.49,97.5 1 0
github.com/schmorrison/Zoho/http.go:101.18,103.5 1 0
github.com/schmorrison/Zoho/http.go:109.34,112.18 2 0
github.com/schmorrison/Zoho/http.go:115.4,118.18 3 0
github.com/schmorrison/Zoho/http.go:122.4,122.54 1 0
github.com/schmorrison/Zoho/http.go:126.4,127.18 2 0
github.com/schmorrison/Zoho/http.go:131.4,132.41 2 0
github.com/schmorrison/Zoho/http.go:112.18,114.5 1 0
github.com/schmorrison/Zoho/http.go:118.18,120.5 1 0
github.com/schmorrison/Zoho/http.go:122.54,124.5 1 0
github.com/schmorrison/Zoho/http.go:127.18,129.5 1 0
github.com/schmorrison/Zoho/http.go:137.16,139.3 1 0
github.com/schmorrison/Zoho/http.go:147.37,149.3 1 0
github.com/schmorrison/Zoho/http.go:152.16,154.3 1 0
github.com/schmorrison/Zoho/http.go:159.16,161.3 1 0
github.com/schmorrison/Zoho/http.go:167.16,169.3 1 0
github.com/schmorrison/Zoho/http.go:197.45,198.64 1 0
github.com/schmorrison/Zoho/http.go:201.2,201.11 1 0
github.com/schmorrison/Zoho/http.go:198.64,200.3 1 0
github.com/schmorrison/Zoho/http.go:213.62,216.17 2 0
github.com/schmorrison/Zoho/http.go:219.2,219.11 1 0
github.com/schmorrison/Zoho/http.go:216.17,218.3 1 0
github.com/schmorrison/Zoho/oauth2.go:16.50,25.16 8 0
github.com/schmorrison/Zoho/oauth2.go:29.2,29.15 1 0
github.com/schmorrison/Zoho/oauth2.go:35.2,36.16 2 0
github.com/schmorrison/Zoho/oauth2.go:40.2,40.28 1 0
github.com/schmorrison/Zoho/oauth2.go:44.2,46.16 3 0
github.com/schmorrison/Zoho/oauth2.go:50.2,50.43 1 0
github.com/schmorrison/Zoho/oauth2.go:54.2,60.16 6 0
github.com/schmorrison/Zoho/oauth2.go:64.2,64.12 1 0
github.com/schmorrison/Zoho/oauth2.go:25.16,27.3 1 0
github.com/schmorrison/Zoho/oauth2.go:29.15,30.43 1 0
github.com/schmorrison/Zoho/oauth2.go:30.43,32.4 1 0
github.com/schmorrison/Zoho/oauth2.go:36.16,38.3 1 0
github.com/schmorrison/Zoho/oauth2.go:40.28,42.3 1 0
github.com/schmorrison/Zoho/oauth2.go:46.16,48.3 1 0
github.com/schmorrison/Zoho/oauth2.go:50.43,52.3 1 0
github.com/schmorrison/Zoho/oauth2.go:60.16,62.3 1 0
github.com/schmorrison/Zoho/oauth2.go:71.99,78.28 5 0
github.com/schmorrison/Zoho/oauth2.go:82.2,91.16 9 0
github.com/schmorrison/Zoho/oauth2.go:95.2,95.15 1 0
github.com/schmorrison/Zoho/oauth2.go:101.2,102.16 2 0
github.com/schmorrison/Zoho/oauth2.go:106.2,106.28 1 0
github.com/schmorrison/Zoho/oauth2.go:110.2,112.16 3 0
github.com/schmorrison/Zoho/oauth2.go:117.2,117.43 1 0
github.com/schmorrison/Zoho/oauth2.go:121.2,127.16 6 0
github.com/schmorrison/Zoho/oauth2.go:131.2,131.12 1 0
github.com/schmorrison/Zoho/oauth2.go:78.28,80.3 1 0
github.com/schmorrison/Zoho/oauth2.go:91.16,93.3 1 0
github.com/schmorrison/Zoho/oauth2.go:95.15,96.43 1 0
github.com/schmorrison/Zoho/oauth2.go:96.43,98.4 1 0
github.com/schmorrison/Zoho/oauth2.go:102.16,104.3 1 0
github.com/schmorrison/Zoho/oauth2.go:106.28,108.3 1 0
github.com/schmorrison/Zoho/oauth2.go:112.16,114.3 1 0
github.com/schmorrison/Zoho/oauth2.go:117.43,119.3 1 0
github.com/schmorrison/Zoho/oauth2.go:127.16,129.3 1 0
github.com/schmorrison/Zoho/oauth2.go:140.126,143.16 2 0
github.com/schmorrison/Zoho/oauth2.go:151.2,152.27 2 0
github.com/schmorrison/Zoho/oauth2.go:159.2,173.19 12 0
github.com/schmorrison/Zoho/oauth2.go:202.2,207.19 4 0
github.com/schmorrison/Zoho/oauth2.go:225.2,225.16 1 0
github.com/schmorrison/Zoho/oauth2.go:229.2,230.16 2 0
github.com/schmorrison/Zoho/oauth2.go:234.2,234.12 1 0
github.com/schmorrison/Zoho/oauth2.go:143.16,149.3 5 0
github.com/schmorrison/Zoho/oauth2.go:152.27,154.24 2 0
github.com/schmorrison/Zoho/oauth2.go:154.24,156.4 1 0
github.com/schmorrison/Zoho/oauth2.go:173.19,176.17 2 0
github.com/schmorrison/Zoho/oauth2.go:179.3,180.17 2 0
github.com/schmorrison/Zoho/oauth2.go:183.3,185.69 2 0
github.com/schmorrison/Zoho/oauth2.go:191.3,191.13 1 0
github.com/schmorrison/Zoho/oauth2.go:199.3,199.12 1 0
github.com/schmorrison/Zoho/oauth2.go:176.17,178.4 1 0
github.com/schmorrison/Zoho/oauth2.go:180.17,182.4 1 0
github.com/schmorrison/Zoho/oauth2.go:185.69,189.4 2 0
github.com/schmorrison/Zoho/oauth2.go:191.13,194.49 3 0
github.com/schmorrison/Zoho/oauth2.go:194.49,196.5 1 0
github.com/schmorrison/Zoho/oauth2.go:207.19,211.16 3 0
github.com/schmorrison/Zoho/oauth2.go:214.3,214.43 1 0
github.com/schmorrison/Zoho/oauth2.go:211.16,213.4 1 0
github.com/schmorrison/Zoho/oauth2.go:214.43,216.4 1 0
github.com/schmorrison/Zoho/oauth2.go:217.8,220.17 3 0
github.com/schmorrison/Zoho/oauth2.go:220.17,222.4 1 0
github.com/schmorrison/Zoho/oauth2.go:225.16,227.3 1 0
github.com/schmorrison/Zoho/oauth2.go:230.16,232.3 1 0
github.com/schmorrison/Zoho/oauth2.go:257.95,259.21 2 0
github.com/schmorrison/Zoho/oauth2.go:262.2,262.27 1 0
github.com/schmorrison/Zoho/oauth2.go:259.21,261.3 1 0
github.com/schmorrison/Zoho/storage.go:25.55,26.27 1 1
github.com/schmorrison/Zoho/storage.go:31.2,32.16 2 1
github.com/schmorrison/Zoho/storage.go:35.2,44.16 6 1
github.com/schmorrison/Zoho/storage.go:48.2,48.12 1 1
github.com/schmorrison/Zoho/storage.go:26.27,28.3 1 1
github.com/schmorrison/Zoho/storage.go:32.16,34.3 1 0
github.com/schmorrison/Zoho/storage.go:44.16,46.3 1 0
github.com/schmorrison/Zoho/storage.go:53.72,54.27 1 1
github.com/schmorrison/Zoho/storage.go:59.2,60.16 2 1
github.com/schmorrison/Zoho/storage.go:63.2,69.16 5 1
github.com/schmorrison/Zoho/storage.go:73.2,73.21 1 1
github.com/schmorrison/Zoho/storage.go:77.2,77.21 1 1
github.com/schmorrison/Zoho/storage.go:54.27,56.3 1 1
github.com/schmorrison/Zoho/storage.go:60.16,62.3 1 0
github.com/schmorrison/Zoho/storage.go:69.16,71.3 1 0
github.com/schmorrison/Zoho/storage.go:73.21,75.3 1 0
github.com/schmorrison/Zoho/storage.go:93.36,95.2 1 1
github.com/schmorrison/Zoho/storage.go:98.43,100.2 1 1
github.com/schmorrison/Zoho/storage.go:102.44,106.42 3 1
github.com/schmorrison/Zoho/storage.go:110.2,110.60 1 1
github.com/schmorrison/Zoho/storage.go:113.2,113.38 1 0
github.com/schmorrison/Zoho/storage.go:106.42,108.3 1 0
github.com/schmorrison/Zoho/storage.go:110.60,112.3 1 1
github.com/schmorrison/Zoho/storage.go:127.84,129.43 2 0
github.com/schmorrison/Zoho/storage.go:133.2,134.29 2 0
github.com/schmorrison/Zoho/storage.go:138.2,141.50 3 0
github.com/schmorrison/Zoho/storage.go:145.2,145.21 1 0
github.com/schmorrison/Zoho/storage.go:149.2,149.21 1 0
github.com/schmorrison/Zoho/storage.go:129.43,131.3 1 0
github.com/schmorrison/Zoho/storage.go:134.29,136.3 1 0
github.com/schmorrison/Zoho/storage.go:141.50,143.3 1 0
github.com/schmorrison/Zoho/storage.go:145.21,147.3 1 0
github.com/schmorrison/Zoho/storage.go:154.67,155.43 1 0
github.com/schmorrison/Zoho/storage.go:159.2,160.29 2 0
github.com/schmorrison/Zoho/storage.go:164.2,172.52 5 0
github.com/schmorrison/Zoho/storage.go:176.2,176.12 1 0
github.com/schmorrison/Zoho/storage.go:155.43,157.3 1 0
github.com/schmorrison/Zoho/storage.go:160.29,162.3 1 0
github.com/schmorrison/Zoho/storage.go:172.52,174.3 1 0
